[2020-02-18 19:31:24] [INFO]: Array
[2020-02-18 19:32:14] [INFO]: Array
[2020-02-18 19:32:32] [INFO]: Array
[2020-02-18 19:33:16] [INFO]: teste
[2020-02-18 19:35:05] [INFO]: teste
[2020-02-18 20:11:12] [INFO]: 
[2020-02-18 20:11:36] [INFO]: 
[2020-02-18 20:32:51] [INFO]: nodeMcu
[2020-02-18 20:53:38] [INFO]: Array
[2020-02-18 20:54:24] [INFO]: 
[2020-02-18 20:54:41] [INFO]: 
[2020-02-18 20:54:53] [INFO]: sensor
[2020-02-18 20:55:17] [INFO]: sensornodeMcu
[2020-02-18 20:55:49] [INFO]: sensor-nodeMcu
[2020-02-19 13:49:17] [INFO]: Array
[2020-02-19 13:49:27] [INFO]: Array
[2020-02-19 13:49:37] [INFO]: Array
[2020-02-19 13:49:47] [INFO]: Array
[2020-02-19 13:49:57] [INFO]: Array
[2020-02-19 13:50:07] [INFO]: Array
[2020-02-19 13:50:17] [INFO]: Array
[2020-02-19 13:50:27] [INFO]: Array
[2020-02-19 13:50:37] [INFO]: Array
[2020-02-19 13:50:47] [INFO]: Array
[2020-02-19 13:50:57] [INFO]: Array
[2020-02-19 13:51:08] [INFO]: Array
[2020-02-19 13:51:18] [INFO]: world
[2020-02-19 13:51:28] [INFO]: world
[2020-02-19 13:51:38] [INFO]: world
[2020-02-19 13:51:48] [INFO]: world
[2020-02-19 13:51:58] [INFO]: world
[2020-02-19 13:52:08] [INFO]: world
[2020-02-19 13:52:18] [INFO]: world
[2020-02-19 13:52:28] [INFO]: world
[2020-02-19 13:52:38] [INFO]: world
[2020-02-19 13:52:48] [INFO]: world
[2020-02-19 13:52:58] [INFO]: world
[2020-02-19 13:53:08] [INFO]: world
[2020-02-19 13:53:18] [INFO]: world
[2020-02-19 13:53:28] [INFO]: world
[2020-02-19 13:53:38] [INFO]: world
[2020-02-19 13:53:48] [INFO]: world
[2020-02-19 13:53:58] [INFO]: world
[2020-02-19 13:54:08] [INFO]: world
[2020-02-19 13:54:19] [INFO]: world
[2020-02-19 13:54:29] [INFO]: world
[2020-02-19 13:54:39] [INFO]: world
[2020-02-19 13:54:49] [INFO]: world
[2020-02-19 13:54:59] [INFO]: world
[2020-02-19 13:55:09] [INFO]: world
[2020-02-19 13:55:19] [INFO]: world
[2020-02-19 13:55:29] [INFO]: world
[2020-02-19 13:55:39] [INFO]: world
[2020-02-19 13:55:49] [INFO]: world
[2020-02-19 13:55:59] [INFO]: world
[2020-02-19 13:56:09] [INFO]: world
[2020-02-19 13:56:19] [INFO]: world
[2020-02-19 13:56:29] [INFO]: world
[2020-02-19 13:56:39] [INFO]: world
[2020-02-19 13:56:49] [INFO]: world
[2020-02-19 13:56:59] [INFO]: world
[2020-02-19 13:57:09] [INFO]: world
[2020-02-19 13:57:19] [INFO]: world
[2020-02-19 13:57:30] [INFO]: world
[2020-02-19 13:57:40] [INFO]: world
[2020-02-19 13:57:50] [INFO]: world
[2020-02-19 13:58:00] [INFO]: world
[2020-02-19 13:58:10] [INFO]: world
[2020-02-19 13:58:20] [INFO]: world
[2020-02-19 13:58:30] [INFO]: world
[2020-02-19 13:58:40] [INFO]: world
[2020-02-19 13:58:50] [INFO]: world
[2020-02-19 13:59:00] [INFO]: world
[2020-02-19 13:59:10] [INFO]: world
[2020-02-19 13:59:20] [INFO]: world
[2020-02-19 13:59:30] [INFO]: world
[2020-02-19 13:59:40] [INFO]: world
[2020-02-19 13:59:50] [INFO]: world
[2020-02-19 14:00:00] [INFO]: world
[2020-02-19 14:00:29] [INFO]: world
[2020-02-19 14:00:39] [INFO]: world
[2020-02-19 14:00:49] [INFO]: world
[2020-02-19 14:00:59] [INFO]: world
[2020-02-19 14:01:09] [INFO]: world
[2020-02-19 14:01:19] [INFO]: world
[2020-02-19 14:01:29] [INFO]: world
[2020-02-19 14:01:59] [INFO]: world
[2020-02-19 14:02:09] [INFO]: world
[2020-02-19 14:02:20] [INFO]: world
[2020-02-19 14:02:30] [INFO]: world
[2020-02-19 14:02:40] [INFO]: world
[2020-02-19 14:03:14] [INFO]: world
[2020-02-19 14:03:24] [INFO]: world
[2020-02-19 14:03:34] [INFO]: world
[2020-02-19 14:03:44] [INFO]: world
[2020-02-19 14:03:55] [INFO]: world
[2020-02-19 14:04:05] [INFO]: world
[2020-02-19 14:04:15] [INFO]: world
[2020-02-19 14:04:25] [INFO]: world
[2020-02-19 14:04:35] [INFO]: world
[2020-02-19 14:04:45] [INFO]: world
[2020-02-19 14:04:55] [INFO]: world
[2020-02-19 14:05:05] [INFO]: world
[2020-02-19 14:05:15] [INFO]: world
[2020-02-19 14:05:26] [INFO]: world
[2020-02-19 14:05:36] [INFO]: world
[2020-02-19 14:05:46] [INFO]: world
[2020-02-19 14:06:17] [INFO]: world
[2020-02-19 14:06:27] [INFO]: world
[2020-02-19 14:06:37] [INFO]: world
[2020-02-19 14:06:48] [INFO]: world
[2020-02-19 14:06:58] [INFO]: world
[2020-02-19 14:07:08] [INFO]: world
[2020-02-19 14:07:18] [INFO]: world
[2020-02-19 14:07:44] [INFO]: 
[2020-02-19 14:07:54] [INFO]: 
[2020-02-19 14:08:04] [INFO]: 100
[2020-02-19 14:08:14] [INFO]: 100
[2020-02-19 14:08:24] [INFO]: 100
[2020-02-19 14:08:35] [INFO]: 100
[2020-02-19 14:09:07] [INFO]: 100
[2020-02-19 14:09:17] [INFO]: 100
[2020-02-19 14:09:27] [INFO]: 100
[2020-02-19 14:09:37] [INFO]: 100
[2020-02-19 14:09:47] [INFO]: 100
[2020-02-19 14:09:57] [INFO]: 100
[2020-02-19 14:10:08] [INFO]: 100
[2020-02-19 14:10:18] [INFO]: 100
[2020-02-19 14:10:28] [INFO]: 100
[2020-02-19 14:10:38] [INFO]: 100
[2020-02-19 14:10:48] [INFO]: 100
[2020-02-19 14:10:58] [INFO]: 100
[2020-02-19 14:11:08] [INFO]: 100
[2020-02-19 14:11:18] [INFO]: 100
[2020-02-19 14:11:28] [INFO]: 100
[2020-02-19 14:11:38] [INFO]: 100
[2020-02-19 14:11:48] [INFO]: 100
[2020-02-19 14:11:48] [INFO]: sensor2
[2020-02-19 14:11:48] [INFO]: 10
[2020-02-19 14:11:58] [INFO]: 100
[2020-02-19 14:11:58] [INFO]: sensor2
[2020-02-19 14:11:58] [INFO]: 10
[2020-02-19 14:12:08] [INFO]: 100
[2020-02-19 14:12:08] [INFO]: sensor2
[2020-02-19 14:12:08] [INFO]: 10
[2020-02-19 14:12:18] [INFO]: 100
[2020-02-19 14:12:18] [INFO]: sensor2
[2020-02-19 14:12:18] [INFO]: 10
[2020-02-19 14:12:28] [INFO]: 100
[2020-02-19 14:12:28] [INFO]: sensor2
[2020-02-19 14:12:28] [INFO]: 10
[2020-02-19 14:12:38] [INFO]: 100
[2020-02-19 14:12:38] [INFO]: sensor2
[2020-02-19 14:12:38] [INFO]: 10
[2020-02-19 14:12:48] [INFO]: 100
[2020-02-19 14:12:48] [INFO]: sensor2
[2020-02-19 14:12:48] [INFO]: 10
[2020-02-19 14:12:58] [INFO]: 100
[2020-02-19 14:12:58] [INFO]: sensor2
[2020-02-19 14:12:58] [INFO]: 10
[2020-02-19 14:13:09] [INFO]: 100
[2020-02-19 14:13:09] [INFO]: sensor2
[2020-02-19 14:13:09] [INFO]: 10
[2020-02-19 14:13:19] [INFO]: 100
[2020-02-19 14:13:19] [INFO]: sensor2
[2020-02-19 14:13:19] [INFO]: 10
[2020-02-19 14:13:29] [INFO]: 100
[2020-02-19 14:13:29] [INFO]: sensor2
[2020-02-19 14:13:29] [INFO]: 10
[2020-02-19 14:13:39] [INFO]: 100
[2020-02-19 14:13:39] [INFO]: sensor2
[2020-02-19 14:13:39] [INFO]: 10
[2020-02-19 14:13:49] [INFO]: 100
[2020-02-19 14:13:49] [INFO]: sensor2
[2020-02-19 14:13:49] [INFO]: 10
[2020-02-19 14:13:59] [INFO]: 100
[2020-02-19 14:13:59] [INFO]: sensor2
[2020-02-19 14:13:59] [INFO]: 10
[2020-02-19 14:14:09] [INFO]: 100
[2020-02-19 14:14:09] [INFO]: sensor2
[2020-02-19 14:14:09] [INFO]: 10
[2020-02-19 14:14:19] [INFO]: 100
[2020-02-19 14:14:19] [INFO]: sensor2
[2020-02-19 14:14:19] [INFO]: 10
[2020-02-19 14:14:29] [INFO]: 100
[2020-02-19 14:14:29] [INFO]: sensor2
[2020-02-19 14:14:29] [INFO]: 10
[2020-02-19 14:14:39] [INFO]: 100
[2020-02-19 14:14:39] [INFO]: sensor2
[2020-02-19 14:14:39] [INFO]: 10
[2020-02-19 14:14:49] [INFO]: 100
[2020-02-19 14:14:49] [INFO]: sensor2
[2020-02-19 14:14:49] [INFO]: 10
[2020-02-19 14:14:59] [INFO]: 100
[2020-02-19 14:14:59] [INFO]: sensor2
[2020-02-19 14:14:59] [INFO]: 10
[2020-02-19 14:15:09] [INFO]: 100
[2020-02-19 14:15:09] [INFO]: sensor2
[2020-02-19 14:15:09] [INFO]: 10
[2020-02-19 14:15:19] [INFO]: 100
[2020-02-19 14:15:19] [INFO]: sensor2
[2020-02-19 14:15:19] [INFO]: 10
[2020-02-19 14:15:29] [INFO]: 100
[2020-02-19 14:15:29] [INFO]: sensor2
[2020-02-19 14:15:29] [INFO]: 10
[2020-02-19 14:15:39] [INFO]: 100
[2020-02-19 14:15:39] [INFO]: sensor2
[2020-02-19 14:15:39] [INFO]: 10
[2020-02-19 14:15:49] [INFO]: 100
[2020-02-19 14:15:49] [INFO]: sensor2
[2020-02-19 14:15:49] [INFO]: 10
[2020-02-19 14:16:00] [INFO]: 100
[2020-02-19 14:16:00] [INFO]: sensor2
[2020-02-19 14:16:00] [INFO]: 10
[2020-02-19 14:16:10] [INFO]: 100
[2020-02-19 14:16:10] [INFO]: sensor2
[2020-02-19 14:16:10] [INFO]: 10
[2020-02-19 14:16:20] [INFO]: 100
[2020-02-19 14:16:20] [INFO]: sensor2
[2020-02-19 14:16:20] [INFO]: 10
[2020-02-19 14:16:30] [INFO]: 100
[2020-02-19 14:16:30] [INFO]: sensor2
[2020-02-19 14:16:30] [INFO]: 10
[2020-02-19 14:16:40] [INFO]: 100
[2020-02-19 14:16:40] [INFO]: sensor2
[2020-02-19 14:16:40] [INFO]: 10
[2020-02-19 14:16:50] [INFO]: 100
[2020-02-19 14:16:50] [INFO]: sensor2
[2020-02-19 14:16:50] [INFO]: 10
[2020-02-19 14:17:00] [INFO]: 100
[2020-02-19 14:17:00] [INFO]: sensor2
[2020-02-19 14:17:00] [INFO]: 10
[2020-02-19 14:17:10] [INFO]: 100
[2020-02-19 14:17:10] [INFO]: sensor2
[2020-02-19 14:17:10] [INFO]: 10
[2020-02-19 14:17:20] [INFO]: 100
[2020-02-19 14:17:20] [INFO]: sensor2
[2020-02-19 14:17:20] [INFO]: 10
[2020-02-19 14:17:30] [INFO]: 100
[2020-02-19 14:17:30] [INFO]: sensor2
[2020-02-19 14:17:30] [INFO]: 10
[2020-02-19 14:17:40] [INFO]: 100
[2020-02-19 14:17:40] [INFO]: sensor2
[2020-02-19 14:17:40] [INFO]: 10
[2020-02-19 14:17:50] [INFO]: 100
[2020-02-19 14:17:50] [INFO]: sensor2
[2020-02-19 14:17:50] [INFO]: 10
[2020-02-19 14:18:00] [INFO]: 100
[2020-02-19 14:18:00] [INFO]: sensor2
[2020-02-19 14:18:00] [INFO]: 10
[2020-02-19 14:18:10] [INFO]: 100
[2020-02-19 14:18:10] [INFO]: sensor2
[2020-02-19 14:18:10] [INFO]: 10
[2020-02-19 14:18:20] [INFO]: 100
[2020-02-19 14:18:20] [INFO]: sensor2
[2020-02-19 14:18:20] [INFO]: 10
[2020-02-19 14:18:30] [INFO]: 100
[2020-02-19 14:18:30] [INFO]: sensor2
[2020-02-19 14:18:30] [INFO]: 10
[2020-02-19 14:18:40] [INFO]: 100
[2020-02-19 14:18:40] [INFO]: sensor2
[2020-02-19 14:18:40] [INFO]: 10
[2020-02-19 14:18:50] [INFO]: 100
[2020-02-19 14:18:50] [INFO]: sensor2
[2020-02-19 14:18:50] [INFO]: 10
[2020-02-19 14:19:01] [INFO]: 100
[2020-02-19 14:19:01] [INFO]: sensor2
[2020-02-19 14:19:01] [INFO]: 10
[2020-02-19 14:19:11] [INFO]: 100
[2020-02-19 14:19:11] [INFO]: sensor2
[2020-02-19 14:19:11] [INFO]: 10
[2020-02-19 14:19:21] [INFO]: 100
[2020-02-19 14:19:21] [INFO]: sensor2
[2020-02-19 14:19:21] [INFO]: 10
[2020-02-19 14:19:31] [INFO]: 100
[2020-02-19 14:19:31] [INFO]: sensor2
[2020-02-19 14:19:31] [INFO]: 10
[2020-02-19 14:19:41] [INFO]: 100
[2020-02-19 14:19:41] [INFO]: sensor2
[2020-02-19 14:19:41] [INFO]: 10
[2020-02-19 14:19:51] [INFO]: 100
[2020-02-19 14:19:51] [INFO]: sensor2
[2020-02-19 14:19:51] [INFO]: 10
[2020-02-19 14:20:01] [INFO]: 100
[2020-02-19 14:20:01] [INFO]: sensor2
[2020-02-19 14:20:01] [INFO]: 10
[2020-02-19 14:20:11] [INFO]: 100
[2020-02-19 14:20:11] [INFO]: sensor2
[2020-02-19 14:20:11] [INFO]: 10
[2020-02-19 14:20:21] [INFO]: 100
[2020-02-19 14:20:21] [INFO]: sensor2
[2020-02-19 14:20:21] [INFO]: 10
[2020-02-19 14:20:31] [INFO]: 100
[2020-02-19 14:20:31] [INFO]: sensor2
[2020-02-19 14:20:31] [INFO]: 10
[2020-02-19 14:20:41] [INFO]: 100
[2020-02-19 14:20:41] [INFO]: sensor2
[2020-02-19 14:20:41] [INFO]: 10
[2020-02-19 14:20:51] [INFO]: 100
[2020-02-19 14:20:51] [INFO]: sensor2
[2020-02-19 14:20:51] [INFO]: 10
[2020-02-19 14:21:01] [INFO]: 100
[2020-02-19 14:21:01] [INFO]: sensor2
[2020-02-19 14:21:01] [INFO]: 10
[2020-02-19 14:21:11] [INFO]: 100
[2020-02-19 14:21:11] [INFO]: sensor2
[2020-02-19 14:21:11] [INFO]: 10
[2020-02-19 14:21:21] [INFO]: 100
[2020-02-19 14:21:21] [INFO]: sensor2
[2020-02-19 14:21:21] [INFO]: 10
[2020-02-19 14:21:31] [INFO]: 100
[2020-02-19 14:21:31] [INFO]: sensor2
[2020-02-19 14:21:31] [INFO]: 10
[2020-02-19 14:21:41] [INFO]: 100
[2020-02-19 14:21:41] [INFO]: sensor2
[2020-02-19 14:21:41] [INFO]: 10
[2020-02-19 14:21:51] [INFO]: 100
[2020-02-19 14:21:51] [INFO]: sensor2
[2020-02-19 14:21:51] [INFO]: 10
[2020-02-19 14:22:01] [INFO]: 100
[2020-02-19 14:22:01] [INFO]: sensor2
[2020-02-19 14:22:01] [INFO]: 10
[2020-02-19 14:22:11] [INFO]: 100
[2020-02-19 14:22:11] [INFO]: sensor2
[2020-02-19 14:22:11] [INFO]: 10
[2020-02-19 14:22:21] [INFO]: 100
[2020-02-19 14:22:21] [INFO]: sensor2
[2020-02-19 14:22:21] [INFO]: 10
[2020-02-19 14:22:32] [INFO]: 100
[2020-02-19 14:22:32] [INFO]: sensor2
[2020-02-19 14:22:32] [INFO]: 10
[2020-02-19 14:22:42] [INFO]: 100
[2020-02-19 14:22:42] [INFO]: sensor2
[2020-02-19 14:22:42] [INFO]: 10
[2020-02-19 14:22:52] [INFO]: 100
[2020-02-19 14:22:52] [INFO]: sensor2
[2020-02-19 14:22:52] [INFO]: 10
[2020-02-19 14:23:02] [INFO]: 100
[2020-02-19 14:23:02] [INFO]: sensor2
[2020-02-19 14:23:02] [INFO]: 10
[2020-02-19 14:23:12] [INFO]: 100
[2020-02-19 14:23:12] [INFO]: sensor2
[2020-02-19 14:23:12] [INFO]: 10
[2020-02-19 14:23:22] [INFO]: 100
[2020-02-19 14:23:22] [INFO]: sensor2
[2020-02-19 14:23:22] [INFO]: 10
[2020-02-19 14:23:32] [INFO]: 100
[2020-02-19 14:23:32] [INFO]: sensor2
[2020-02-19 14:23:32] [INFO]: 10
[2020-02-19 14:23:42] [INFO]: 100
[2020-02-19 14:23:42] [INFO]: sensor2
[2020-02-19 14:23:42] [INFO]: 10
[2020-02-19 14:23:52] [INFO]: 100
[2020-02-19 14:23:52] [INFO]: sensor2
[2020-02-19 14:23:52] [INFO]: 10
[2020-02-19 14:24:02] [INFO]: 100
[2020-02-19 14:24:02] [INFO]: sensor2
[2020-02-19 14:24:02] [INFO]: 10
[2020-02-19 14:24:12] [INFO]: 100
[2020-02-19 14:24:12] [INFO]: sensor2
[2020-02-19 14:24:12] [INFO]: 10
[2020-02-19 14:24:22] [INFO]: 100
[2020-02-19 14:24:22] [INFO]: sensor2
[2020-02-19 14:24:22] [INFO]: 10
[2020-02-19 14:24:32] [INFO]: 100
[2020-02-19 14:24:32] [INFO]: sensor2
[2020-02-19 14:24:32] [INFO]: 10
[2020-02-19 14:24:42] [INFO]: 100
[2020-02-19 14:24:42] [INFO]: sensor2
[2020-02-19 14:24:42] [INFO]: 10
[2020-02-19 14:24:52] [INFO]: 100
[2020-02-19 14:24:52] [INFO]: sensor2
[2020-02-19 14:24:52] [INFO]: 10
[2020-02-19 14:25:02] [INFO]: 100
[2020-02-19 14:25:02] [INFO]: sensor2
[2020-02-19 14:25:02] [INFO]: 10
[2020-02-19 14:25:12] [INFO]: 100
[2020-02-19 14:25:12] [INFO]: sensor2
[2020-02-19 14:25:12] [INFO]: 10
[2020-02-19 14:25:22] [INFO]: 100
[2020-02-19 14:25:22] [INFO]: sensor2
[2020-02-19 14:25:22] [INFO]: 10
[2020-02-19 14:25:32] [INFO]: 100
[2020-02-19 14:25:32] [INFO]: sensor2
[2020-02-19 14:25:32] [INFO]: 10
[2020-02-19 14:25:42] [INFO]: 100
[2020-02-19 14:25:42] [INFO]: sensor2
[2020-02-19 14:25:42] [INFO]: 10
[2020-02-19 14:25:53] [INFO]: 100
[2020-02-19 14:25:53] [INFO]: sensor2
[2020-02-19 14:25:53] [INFO]: 10
[2020-02-19 14:26:03] [INFO]: 100
[2020-02-19 14:26:03] [INFO]: sensor2
[2020-02-19 14:26:03] [INFO]: 10
[2020-02-19 14:26:13] [INFO]: 100
[2020-02-19 14:26:13] [INFO]: sensor2
[2020-02-19 14:26:13] [INFO]: 10
[2020-02-19 14:26:25] [INFO]: 100
[2020-02-19 14:26:25] [INFO]: sensor2
[2020-02-19 14:26:25] [INFO]: 10
[2020-02-19 14:26:35] [INFO]: 100
[2020-02-19 14:26:35] [INFO]: sensor2
[2020-02-19 14:26:35] [INFO]: 10
[2020-02-19 14:26:45] [INFO]: 100
[2020-02-19 14:26:45] [INFO]: sensor2
[2020-02-19 14:26:45] [INFO]: 10
[2020-02-19 14:26:55] [INFO]: 100
[2020-02-19 14:26:55] [INFO]: sensor2
[2020-02-19 14:26:55] [INFO]: 10
[2020-02-19 14:27:05] [INFO]: 100
[2020-02-19 14:27:05] [INFO]: sensor2
[2020-02-19 14:27:05] [INFO]: 10
[2020-02-19 14:27:15] [INFO]: 100
[2020-02-19 14:27:15] [INFO]: sensor2
[2020-02-19 14:27:15] [INFO]: 10
[2020-02-19 14:27:25] [INFO]: 100
[2020-02-19 14:27:25] [INFO]: sensor2
[2020-02-19 14:27:25] [INFO]: 10
[2020-02-19 14:27:35] [INFO]: 100
[2020-02-19 14:27:35] [INFO]: sensor2
[2020-02-19 14:27:35] [INFO]: 10
[2020-02-19 14:27:45] [INFO]: 100
[2020-02-19 14:27:45] [INFO]: sensor2
[2020-02-19 14:27:45] [INFO]: 10
[2020-02-19 14:27:56] [INFO]: 100
[2020-02-19 14:27:56] [INFO]: sensor2
[2020-02-19 14:27:56] [INFO]: 10
[2020-02-19 14:28:06] [INFO]: 100
[2020-02-19 14:28:06] [INFO]: sensor2
[2020-02-19 14:28:06] [INFO]: 10
[2020-02-19 14:28:16] [INFO]: 100
[2020-02-19 14:28:16] [INFO]: sensor2
[2020-02-19 14:28:16] [INFO]: 10
[2020-02-19 14:28:26] [INFO]: 100
[2020-02-19 14:28:26] [INFO]: sensor2
[2020-02-19 14:28:26] [INFO]: 10
[2020-02-19 14:28:36] [INFO]: 100
[2020-02-19 14:28:36] [INFO]: sensor2
[2020-02-19 14:28:36] [INFO]: 10
[2020-02-19 14:28:46] [INFO]: 100
[2020-02-19 14:28:46] [INFO]: sensor2
[2020-02-19 14:28:46] [INFO]: 10
[2020-02-19 14:28:56] [INFO]: 100
[2020-02-19 14:28:56] [INFO]: sensor2
[2020-02-19 14:28:56] [INFO]: 10
[2020-02-19 14:29:06] [INFO]: 100
[2020-02-19 14:29:06] [INFO]: sensor2
[2020-02-19 14:29:06] [INFO]: 10
[2020-02-19 14:29:16] [INFO]: 100
[2020-02-19 14:29:16] [INFO]: sensor2
[2020-02-19 14:29:16] [INFO]: 10
[2020-02-19 14:29:26] [INFO]: 100
[2020-02-19 14:29:26] [INFO]: sensor2
[2020-02-19 14:29:26] [INFO]: 10
[2020-02-19 14:29:36] [INFO]: 100
[2020-02-19 14:29:36] [INFO]: sensor2
[2020-02-19 14:29:36] [INFO]: 10
[2020-02-19 14:29:46] [INFO]: 100
[2020-02-19 14:29:46] [INFO]: sensor2
[2020-02-19 14:29:46] [INFO]: 10
[2020-02-19 14:29:56] [INFO]: 100
[2020-02-19 14:29:56] [INFO]: sensor2
[2020-02-19 14:29:56] [INFO]: 10
[2020-02-19 14:30:06] [INFO]: 100
[2020-02-19 14:30:06] [INFO]: sensor2
[2020-02-19 14:30:06] [INFO]: 10
[2020-02-19 14:30:16] [INFO]: 100
[2020-02-19 14:30:16] [INFO]: sensor2
[2020-02-19 14:30:16] [INFO]: 10
[2020-02-19 14:30:26] [INFO]: 100
[2020-02-19 14:30:26] [INFO]: sensor2
[2020-02-19 14:30:26] [INFO]: 10
[2020-02-19 14:30:37] [INFO]: 100
[2020-02-19 14:30:37] [INFO]: sensor2
[2020-02-19 14:30:37] [INFO]: 10
[2020-02-19 14:30:47] [INFO]: 100
[2020-02-19 14:30:47] [INFO]: sensor2
[2020-02-19 14:30:47] [INFO]: 10
[2020-02-19 14:30:57] [INFO]: 100
[2020-02-19 14:30:57] [INFO]: sensor2
[2020-02-19 14:30:57] [INFO]: 10
[2020-02-19 14:31:07] [INFO]: 100
[2020-02-19 14:31:07] [INFO]: sensor2
[2020-02-19 14:31:07] [INFO]: 10
[2020-02-19 14:31:17] [INFO]: 100
[2020-02-19 14:31:17] [INFO]: sensor2
[2020-02-19 14:31:17] [INFO]: 10
[2020-02-19 14:31:27] [INFO]: 100
[2020-02-19 14:31:27] [INFO]: sensor2
[2020-02-19 14:31:27] [INFO]: 10
[2020-02-19 14:31:37] [INFO]: 100
[2020-02-19 14:31:37] [INFO]: sensor2
[2020-02-19 14:31:37] [INFO]: 10
[2020-02-19 14:31:47] [INFO]: 100
[2020-02-19 14:31:47] [INFO]: sensor2
[2020-02-19 14:31:47] [INFO]: 10
[2020-02-19 14:31:57] [INFO]: 100
[2020-02-19 14:31:57] [INFO]: sensor2
[2020-02-19 14:31:57] [INFO]: 10
[2020-02-19 14:32:07] [INFO]: 100
[2020-02-19 14:32:07] [INFO]: sensor2
[2020-02-19 14:32:07] [INFO]: 10
[2020-02-19 14:32:17] [INFO]: 100
[2020-02-19 14:32:17] [INFO]: sensor2
[2020-02-19 14:32:17] [INFO]: 10
[2020-02-19 14:32:27] [INFO]: 100
[2020-02-19 14:32:27] [INFO]: sensor2
[2020-02-19 14:32:27] [INFO]: 10
[2020-02-19 14:32:37] [INFO]: 100
[2020-02-19 14:32:37] [INFO]: sensor2
[2020-02-19 14:32:37] [INFO]: 10
[2020-02-19 14:32:47] [INFO]: 100
[2020-02-19 14:32:47] [INFO]: sensor2
[2020-02-19 14:32:47] [INFO]: 10
[2020-02-19 14:32:57] [INFO]: 100
[2020-02-19 14:32:57] [INFO]: sensor2
[2020-02-19 14:32:57] [INFO]: 10
[2020-02-19 14:33:07] [INFO]: 100
[2020-02-19 14:33:07] [INFO]: sensor2
[2020-02-19 14:33:07] [INFO]: 10
[2020-02-19 14:33:18] [INFO]: 100
[2020-02-19 14:33:18] [INFO]: sensor2
[2020-02-19 14:33:18] [INFO]: 10
[2020-02-19 14:33:28] [INFO]: 100
[2020-02-19 14:33:28] [INFO]: sensor2
[2020-02-19 14:33:28] [INFO]: 10
[2020-02-19 14:33:38] [INFO]: 100
[2020-02-19 14:33:38] [INFO]: sensor2
[2020-02-19 14:33:38] [INFO]: 10
[2020-02-19 14:33:48] [INFO]: 100
[2020-02-19 14:33:48] [INFO]: sensor2
[2020-02-19 14:33:48] [INFO]: 10
[2020-02-19 14:33:58] [INFO]: 100
[2020-02-19 14:33:58] [INFO]: sensor2
[2020-02-19 14:33:58] [INFO]: 10
[2020-02-19 14:34:08] [INFO]: 100
[2020-02-19 14:34:08] [INFO]: sensor2
[2020-02-19 14:34:08] [INFO]: 10
[2020-02-19 14:34:18] [INFO]: 100
[2020-02-19 14:34:18] [INFO]: sensor2
[2020-02-19 14:34:18] [INFO]: 10
[2020-02-19 14:34:28] [INFO]: 100
[2020-02-19 14:34:28] [INFO]: sensor2
[2020-02-19 14:34:28] [INFO]: 10
[2020-02-19 14:34:38] [INFO]: 100
[2020-02-19 14:34:38] [INFO]: sensor2
[2020-02-19 14:34:38] [INFO]: 10
[2020-02-19 14:34:48] [INFO]: 100
[2020-02-19 14:34:48] [INFO]: sensor2
[2020-02-19 14:34:48] [INFO]: 10
[2020-02-19 14:34:58] [INFO]: 100
[2020-02-19 14:34:58] [INFO]: sensor2
[2020-02-19 14:34:58] [INFO]: 10
[2020-02-19 14:35:08] [INFO]: 100
[2020-02-19 14:35:08] [INFO]: sensor2
[2020-02-19 14:35:08] [INFO]: 10
[2020-02-19 14:35:18] [INFO]: 100
[2020-02-19 14:35:18] [INFO]: sensor2
[2020-02-19 14:35:18] [INFO]: 10
[2020-02-19 14:35:28] [INFO]: 100
[2020-02-19 14:35:28] [INFO]: sensor2
[2020-02-19 14:35:28] [INFO]: 10
[2020-02-19 14:35:38] [INFO]: 100
[2020-02-19 14:35:38] [INFO]: sensor2
[2020-02-19 14:35:38] [INFO]: 10
[2020-02-19 14:35:48] [INFO]: 100
[2020-02-19 14:35:48] [INFO]: sensor2
[2020-02-19 14:35:48] [INFO]: 10
[2020-02-19 14:36:05] [INFO]: 100
[2020-02-19 14:36:05] [INFO]: sensor2
[2020-02-19 14:36:05] [INFO]: 10
[2020-02-19 14:36:15] [INFO]: 100
[2020-02-19 14:36:15] [INFO]: sensor2
[2020-02-19 14:36:15] [INFO]: 10
[2020-02-19 14:36:25] [INFO]: 100
[2020-02-19 14:36:25] [INFO]: sensor2
[2020-02-19 14:36:25] [INFO]: 10
[2020-02-19 14:36:35] [INFO]: 100
[2020-02-19 14:36:35] [INFO]: sensor2
[2020-02-19 14:36:35] [INFO]: 10
[2020-02-19 14:36:45] [INFO]: 100
[2020-02-19 14:36:45] [INFO]: sensor2
[2020-02-19 14:36:45] [INFO]: 10
[2020-02-19 14:36:55] [INFO]: 100
[2020-02-19 14:36:55] [INFO]: sensor2
[2020-02-19 14:36:55] [INFO]: 10
[2020-02-19 14:37:05] [INFO]: 100
[2020-02-19 14:37:05] [INFO]: sensor2
[2020-02-19 14:37:05] [INFO]: 10
[2020-02-19 14:37:15] [INFO]: 100
[2020-02-19 14:37:15] [INFO]: sensor2
[2020-02-19 14:37:15] [INFO]: 10
[2020-02-19 14:37:25] [INFO]: 100
[2020-02-19 14:37:25] [INFO]: sensor2
[2020-02-19 14:37:25] [INFO]: 10
[2020-02-19 14:37:35] [INFO]: 100
[2020-02-19 14:37:35] [INFO]: sensor2
[2020-02-19 14:37:35] [INFO]: 10
[2020-02-19 14:37:45] [INFO]: 100
[2020-02-19 14:37:45] [INFO]: sensor2
[2020-02-19 14:37:45] [INFO]: 10
[2020-02-19 14:37:55] [INFO]: 100
[2020-02-19 14:37:55] [INFO]: sensor2
[2020-02-19 14:37:55] [INFO]: 10
[2020-02-19 14:38:05] [INFO]: 100
[2020-02-19 14:38:05] [INFO]: sensor2
[2020-02-19 14:38:05] [INFO]: 10
[2020-02-19 14:38:15] [INFO]: 100
[2020-02-19 14:38:15] [INFO]: sensor2
[2020-02-19 14:38:15] [INFO]: 10
[2020-02-19 14:38:25] [INFO]: 100
[2020-02-19 14:38:25] [INFO]: sensor2
[2020-02-19 14:38:25] [INFO]: 10
[2020-02-19 14:38:36] [INFO]: 100
[2020-02-19 14:38:36] [INFO]: sensor2
[2020-02-19 14:38:36] [INFO]: 10
[2020-02-19 14:38:46] [INFO]: 100
[2020-02-19 14:38:46] [INFO]: sensor2
[2020-02-19 14:38:46] [INFO]: 10
[2020-02-19 14:38:56] [INFO]: 100
[2020-02-19 14:38:56] [INFO]: sensor2
[2020-02-19 14:38:56] [INFO]: 10
[2020-02-19 14:39:06] [INFO]: 100
[2020-02-19 14:39:06] [INFO]: sensor2
[2020-02-19 14:39:06] [INFO]: 10
[2020-02-19 14:39:16] [INFO]: 100
[2020-02-19 14:39:16] [INFO]: sensor2
[2020-02-19 14:39:16] [INFO]: 10
[2020-02-19 14:39:26] [INFO]: 100
[2020-02-19 14:39:26] [INFO]: sensor2
[2020-02-19 14:39:26] [INFO]: 10
[2020-02-19 14:39:36] [INFO]: 100
[2020-02-19 14:39:36] [INFO]: sensor2
[2020-02-19 14:39:36] [INFO]: 10
[2020-02-19 14:39:46] [INFO]: 100
[2020-02-19 14:39:46] [INFO]: sensor2
[2020-02-19 14:39:46] [INFO]: 10
[2020-02-19 14:39:56] [INFO]: 100
[2020-02-19 14:39:56] [INFO]: sensor2
[2020-02-19 14:39:56] [INFO]: 10
[2020-02-19 14:40:06] [INFO]: 100
[2020-02-19 14:40:06] [INFO]: sensor2
[2020-02-19 14:40:06] [INFO]: 10
[2020-02-19 14:40:16] [INFO]: 100
[2020-02-19 14:40:16] [INFO]: sensor2
[2020-02-19 14:40:16] [INFO]: 10
[2020-02-19 14:40:26] [INFO]: 100
[2020-02-19 14:40:26] [INFO]: sensor2
[2020-02-19 14:40:26] [INFO]: 10
[2020-02-19 14:40:36] [INFO]: 100
[2020-02-19 14:40:36] [INFO]: sensor2
[2020-02-19 14:40:36] [INFO]: 10
[2020-02-19 14:40:46] [INFO]: 100
[2020-02-19 14:40:46] [INFO]: sensor2
[2020-02-19 14:40:46] [INFO]: 10
[2020-02-19 14:40:56] [INFO]: 100
[2020-02-19 14:40:56] [INFO]: sensor2
[2020-02-19 14:40:56] [INFO]: 10
[2020-02-19 14:41:06] [INFO]: 100
[2020-02-19 14:41:06] [INFO]: sensor2
[2020-02-19 14:41:06] [INFO]: 10
[2020-02-19 14:41:16] [INFO]: 100
[2020-02-19 14:41:16] [INFO]: sensor2
[2020-02-19 14:41:16] [INFO]: 10
[2020-02-19 14:41:26] [INFO]: 100
[2020-02-19 14:41:26] [INFO]: sensor2
[2020-02-19 14:41:26] [INFO]: 10
[2020-02-19 14:41:36] [INFO]: 100
[2020-02-19 14:41:37] [INFO]: sensor2
[2020-02-19 14:41:37] [INFO]: 10
[2020-02-19 14:41:47] [INFO]: 100
[2020-02-19 14:41:47] [INFO]: sensor2
[2020-02-19 14:41:47] [INFO]: 10
[2020-02-19 14:41:57] [INFO]: 100
[2020-02-19 14:41:57] [INFO]: sensor2
[2020-02-19 14:41:57] [INFO]: 10
[2020-02-19 14:42:07] [INFO]: 100
[2020-02-19 14:42:07] [INFO]: sensor2
[2020-02-19 14:42:07] [INFO]: 10
[2020-02-19 14:42:17] [INFO]: 100
[2020-02-19 14:42:17] [INFO]: sensor2
[2020-02-19 14:42:17] [INFO]: 10
[2020-02-19 14:42:27] [INFO]: 100
[2020-02-19 14:42:27] [INFO]: sensor2
[2020-02-19 14:42:27] [INFO]: 10
[2020-02-19 14:42:37] [INFO]: 100
[2020-02-19 14:42:37] [INFO]: sensor2
[2020-02-19 14:42:37] [INFO]: 10
[2020-02-19 14:42:47] [INFO]: 100
[2020-02-19 14:42:47] [INFO]: sensor2
[2020-02-19 14:42:47] [INFO]: 10
[2020-02-19 14:42:57] [INFO]: 100
[2020-02-19 14:42:57] [INFO]: sensor2
[2020-02-19 14:42:57] [INFO]: 10
[2020-02-19 14:43:07] [INFO]: 100
[2020-02-19 14:43:07] [INFO]: sensor2
[2020-02-19 14:43:07] [INFO]: 10
[2020-02-19 14:43:17] [INFO]: 100
[2020-02-19 14:43:17] [INFO]: sensor2
[2020-02-19 14:43:17] [INFO]: 10
[2020-02-19 14:43:27] [INFO]: 100
[2020-02-19 14:43:27] [INFO]: sensor2
[2020-02-19 14:43:27] [INFO]: 10
[2020-02-19 14:43:37] [INFO]: 100
[2020-02-19 14:43:37] [INFO]: sensor2
[2020-02-19 14:43:37] [INFO]: 10
[2020-02-19 14:43:47] [INFO]: 100
[2020-02-19 14:43:47] [INFO]: sensor2
[2020-02-19 14:43:47] [INFO]: 10
[2020-02-19 14:43:57] [INFO]: 100
[2020-02-19 14:43:57] [INFO]: sensor2
[2020-02-19 14:43:57] [INFO]: 10
[2020-02-19 14:44:07] [INFO]: 100
[2020-02-19 14:44:07] [INFO]: sensor2
[2020-02-19 14:44:07] [INFO]: 10
[2020-02-19 14:44:17] [INFO]: 100
[2020-02-19 14:44:17] [INFO]: sensor2
[2020-02-19 14:44:17] [INFO]: 10
[2020-02-19 14:44:27] [INFO]: 100
[2020-02-19 14:44:27] [INFO]: sensor2
[2020-02-19 14:44:27] [INFO]: 10
[2020-02-19 14:44:37] [INFO]: 100
[2020-02-19 14:44:37] [INFO]: sensor2
[2020-02-19 14:44:37] [INFO]: 10
[2020-02-19 14:44:47] [INFO]: 100
[2020-02-19 14:44:47] [INFO]: sensor2
[2020-02-19 14:44:47] [INFO]: 10
[2020-02-19 14:44:58] [INFO]: 100
[2020-02-19 14:44:58] [INFO]: sensor2
[2020-02-19 14:44:58] [INFO]: 10
[2020-02-19 14:45:08] [INFO]: 100
[2020-02-19 14:45:08] [INFO]: sensor2
[2020-02-19 14:45:08] [INFO]: 10
[2020-02-19 14:45:18] [INFO]: 100
[2020-02-19 14:45:18] [INFO]: sensor2
[2020-02-19 14:45:18] [INFO]: 10
[2020-02-19 14:45:28] [INFO]: 100
[2020-02-19 14:45:28] [INFO]: sensor2
[2020-02-19 14:45:28] [INFO]: 10
[2020-02-19 14:45:38] [INFO]: 100
[2020-02-19 14:45:38] [INFO]: sensor2
[2020-02-19 14:45:38] [INFO]: 10
[2020-02-19 14:45:48] [INFO]: 100
[2020-02-19 14:45:48] [INFO]: sensor2
[2020-02-19 14:45:48] [INFO]: 10
[2020-02-19 14:45:58] [INFO]: 100
[2020-02-19 14:45:58] [INFO]: sensor2
[2020-02-19 14:45:58] [INFO]: 10
[2020-02-19 14:46:08] [INFO]: 100
[2020-02-19 14:46:08] [INFO]: sensor2
[2020-02-19 14:46:08] [INFO]: 10
[2020-02-19 14:46:18] [INFO]: 100
[2020-02-19 14:46:18] [INFO]: sensor2
[2020-02-19 14:46:18] [INFO]: 10
[2020-02-19 14:46:28] [INFO]: 100
[2020-02-19 14:46:28] [INFO]: sensor2
[2020-02-19 14:46:28] [INFO]: 10
[2020-02-19 14:46:38] [INFO]: 100
[2020-02-19 14:46:38] [INFO]: sensor2
[2020-02-19 14:46:38] [INFO]: 10
[2020-02-19 14:46:48] [INFO]: 100
[2020-02-19 14:46:48] [INFO]: sensor2
[2020-02-19 14:46:48] [INFO]: 10
[2020-02-19 14:46:58] [INFO]: 100
[2020-02-19 14:46:58] [INFO]: sensor2
[2020-02-19 14:46:58] [INFO]: 10
[2020-02-19 14:47:08] [INFO]: 100
[2020-02-19 14:47:08] [INFO]: sensor2
[2020-02-19 14:47:08] [INFO]: 10
[2020-02-19 14:47:18] [INFO]: 100
[2020-02-19 14:47:18] [INFO]: sensor2
[2020-02-19 14:47:18] [INFO]: 10
[2020-02-19 14:47:28] [INFO]: 100
[2020-02-19 14:47:28] [INFO]: sensor2
[2020-02-19 14:47:28] [INFO]: 10
[2020-02-19 14:47:38] [INFO]: 100
[2020-02-19 14:47:38] [INFO]: sensor2
[2020-02-19 14:47:38] [INFO]: 10
[2020-02-19 14:47:48] [INFO]: 100
[2020-02-19 14:47:48] [INFO]: sensor2
[2020-02-19 14:47:48] [INFO]: 10
[2020-02-19 14:47:59] [INFO]: 100
[2020-02-19 14:47:59] [INFO]: sensor2
[2020-02-19 14:47:59] [INFO]: 10
[2020-02-19 14:48:09] [INFO]: 100
[2020-02-19 14:48:09] [INFO]: sensor2
[2020-02-19 14:48:09] [INFO]: 10
[2020-02-19 14:48:19] [INFO]: 100
[2020-02-19 14:48:19] [INFO]: sensor2
[2020-02-19 14:48:19] [INFO]: 10
[2020-02-19 14:48:29] [INFO]: 100
[2020-02-19 14:48:29] [INFO]: sensor2
[2020-02-19 14:48:29] [INFO]: 10
[2020-02-19 14:48:39] [INFO]: 100
[2020-02-19 14:48:39] [INFO]: sensor2
[2020-02-19 14:48:39] [INFO]: 10
[2020-02-19 14:48:49] [INFO]: 100
[2020-02-19 14:48:49] [INFO]: sensor2
[2020-02-19 14:48:49] [INFO]: 10
[2020-02-19 14:48:59] [INFO]: 100
[2020-02-19 14:48:59] [INFO]: sensor2
[2020-02-19 14:48:59] [INFO]: 10
[2020-02-19 14:49:09] [INFO]: 100
[2020-02-19 14:49:09] [INFO]: sensor2
[2020-02-19 14:49:09] [INFO]: 10
[2020-02-19 14:49:19] [INFO]: 100
[2020-02-19 14:49:19] [INFO]: sensor2
[2020-02-19 14:49:19] [INFO]: 10
[2020-02-19 14:49:29] [INFO]: 100
[2020-02-19 14:49:29] [INFO]: sensor2
[2020-02-19 14:49:29] [INFO]: 10
[2020-02-19 14:49:39] [INFO]: 100
[2020-02-19 14:49:39] [INFO]: sensor2
[2020-02-19 14:49:39] [INFO]: 10
[2020-02-19 14:49:49] [INFO]: 100
[2020-02-19 14:49:49] [INFO]: sensor2
[2020-02-19 14:49:49] [INFO]: 10
[2020-02-19 14:49:59] [INFO]: 100
[2020-02-19 14:49:59] [INFO]: sensor2
[2020-02-19 14:49:59] [INFO]: 10
[2020-02-19 14:50:09] [INFO]: 100
[2020-02-19 14:50:09] [INFO]: sensor2
[2020-02-19 14:50:09] [INFO]: 10
[2020-02-19 14:50:19] [INFO]: 100
[2020-02-19 14:50:19] [INFO]: sensor2
[2020-02-19 14:50:19] [INFO]: 10
[2020-02-19 14:50:29] [INFO]: 100
[2020-02-19 14:50:29] [INFO]: sensor2
[2020-02-19 14:50:29] [INFO]: 10
[2020-02-19 14:50:39] [INFO]: 100
[2020-02-19 14:50:39] [INFO]: sensor2
[2020-02-19 14:50:39] [INFO]: 10
[2020-02-19 14:50:50] [INFO]: 100
[2020-02-19 14:50:50] [INFO]: sensor2
[2020-02-19 14:50:50] [INFO]: 10
[2020-02-19 15:12:12] [INFO]: 100
[2020-02-19 15:12:12] [INFO]: sensor2
[2020-02-19 15:12:12] [INFO]: 10
[2020-02-19 15:12:22] [INFO]: 100
[2020-02-19 15:12:22] [INFO]: sensor2
[2020-02-19 15:12:22] [INFO]: 10
[2020-02-19 15:12:32] [INFO]: 100
[2020-02-19 15:12:32] [INFO]: sensor2
[2020-02-19 15:12:32] [INFO]: 10
[2020-02-19 15:12:42] [INFO]: 100
[2020-02-19 15:12:42] [INFO]: sensor2
[2020-02-19 15:12:42] [INFO]: 10
[2020-02-19 15:12:53] [INFO]: 100
[2020-02-19 15:12:53] [INFO]: sensor2
[2020-02-19 15:12:53] [INFO]: 10
[2020-02-19 15:13:03] [INFO]: 100
[2020-02-19 15:13:03] [INFO]: sensor2
[2020-02-19 15:13:03] [INFO]: 10
[2020-02-19 15:13:13] [INFO]: 100
[2020-02-19 15:13:13] [INFO]: sensor2
[2020-02-19 15:13:13] [INFO]: 10
[2020-02-19 15:13:23] [INFO]: 100
[2020-02-19 15:13:23] [INFO]: sensor2
[2020-02-19 15:13:23] [INFO]: 10
[2020-02-19 15:13:33] [INFO]: 100
[2020-02-19 15:13:33] [INFO]: sensor2
[2020-02-19 15:13:33] [INFO]: 10
[2020-02-19 15:13:43] [INFO]: 100
[2020-02-19 15:13:43] [INFO]: sensor2
[2020-02-19 15:13:43] [INFO]: 10
[2020-02-19 15:13:53] [INFO]: 100
[2020-02-19 15:13:53] [INFO]: sensor2
[2020-02-19 15:13:53] [INFO]: 10
[2020-02-19 15:14:03] [INFO]: 100
[2020-02-19 15:14:03] [INFO]: sensor2
[2020-02-19 15:14:03] [INFO]: 10
[2020-02-19 15:14:13] [INFO]: 100
[2020-02-19 15:14:13] [INFO]: sensor2
[2020-02-19 15:14:13] [INFO]: 10
[2020-02-19 15:14:23] [INFO]: 100
[2020-02-19 15:14:23] [INFO]: sensor2
[2020-02-19 15:14:23] [INFO]: 10
[2020-02-19 15:14:33] [INFO]: 100
[2020-02-19 15:14:33] [INFO]: sensor2
[2020-02-19 15:14:33] [INFO]: 10
[2020-02-19 15:14:43] [INFO]: 100
[2020-02-19 15:14:43] [INFO]: sensor2
[2020-02-19 15:14:43] [INFO]: 10
[2020-02-19 15:14:53] [INFO]: 100
[2020-02-19 15:14:53] [INFO]: sensor2
[2020-02-19 15:14:53] [INFO]: 10
[2020-02-19 15:15:03] [INFO]: 100
[2020-02-19 15:15:03] [INFO]: sensor2
[2020-02-19 15:15:03] [INFO]: 10
[2020-02-19 15:15:13] [INFO]: 100
[2020-02-19 15:15:13] [INFO]: sensor2
[2020-02-19 15:15:13] [INFO]: 10
[2020-02-19 15:15:23] [INFO]: 100
[2020-02-19 15:15:23] [INFO]: sensor2
[2020-02-19 15:15:23] [INFO]: 10
[2020-02-19 15:15:33] [INFO]: 100
[2020-02-19 15:15:33] [INFO]: sensor2
[2020-02-19 15:15:33] [INFO]: 10
[2020-02-19 15:15:43] [INFO]: 100
[2020-02-19 15:15:43] [INFO]: sensor2
[2020-02-19 15:15:43] [INFO]: 10
[2020-02-19 15:15:53] [INFO]: 100
[2020-02-19 15:15:53] [INFO]: sensor2
[2020-02-19 15:15:53] [INFO]: 10
[2020-02-19 15:16:04] [INFO]: 100
[2020-02-19 15:16:04] [INFO]: sensor2
[2020-02-19 15:16:04] [INFO]: 10
[2020-02-19 15:16:14] [INFO]: 100
[2020-02-19 15:16:14] [INFO]: sensor2
[2020-02-19 15:16:14] [INFO]: 10
[2020-02-19 15:16:24] [INFO]: 100
[2020-02-19 15:16:24] [INFO]: sensor2
[2020-02-19 15:16:24] [INFO]: 10
[2020-02-19 15:16:34] [INFO]: 100
[2020-02-19 15:16:34] [INFO]: sensor2
[2020-02-19 15:16:34] [INFO]: 10
[2020-02-19 15:16:44] [INFO]: 100
[2020-02-19 15:16:44] [INFO]: sensor2
[2020-02-19 15:16:44] [INFO]: 10
[2020-02-19 15:16:54] [INFO]: 100
[2020-02-19 15:16:54] [INFO]: sensor2
[2020-02-19 15:16:54] [INFO]: 10
[2020-02-19 15:17:04] [INFO]: 100
[2020-02-19 15:17:04] [INFO]: sensor2
[2020-02-19 15:17:04] [INFO]: 10
[2020-02-19 15:17:14] [INFO]: 100
[2020-02-19 15:17:14] [INFO]: sensor2
[2020-02-19 15:17:14] [INFO]: 10
[2020-02-19 15:17:24] [INFO]: 100
[2020-02-19 15:17:24] [INFO]: sensor2
[2020-02-19 15:17:24] [INFO]: 10
[2020-02-19 15:17:34] [INFO]: 100
[2020-02-19 15:17:34] [INFO]: sensor2
[2020-02-19 15:17:34] [INFO]: 10
[2020-02-19 15:17:44] [INFO]: 100
[2020-02-19 15:17:44] [INFO]: sensor2
[2020-02-19 15:17:44] [INFO]: 10
[2020-02-19 15:17:54] [INFO]: 100
[2020-02-19 15:17:54] [INFO]: sensor2
[2020-02-19 15:17:54] [INFO]: 10
[2020-02-19 15:18:04] [INFO]: 100
[2020-02-19 15:18:04] [INFO]: sensor2
[2020-02-19 15:18:04] [INFO]: 10
[2020-02-19 15:18:14] [INFO]: 100
[2020-02-19 15:18:14] [INFO]: sensor2
[2020-02-19 15:18:14] [INFO]: 10
[2020-02-19 15:18:24] [INFO]: 100
[2020-02-19 15:18:24] [INFO]: sensor2
[2020-02-19 15:18:24] [INFO]: 10
[2020-02-19 15:18:33] [INFO]: 100
[2020-02-19 15:18:33] [INFO]: sensor2
[2020-02-19 15:18:33] [INFO]: 10
[2020-02-19 15:18:43] [INFO]: 100
[2020-02-19 15:18:43] [INFO]: sensor2
[2020-02-19 15:18:43] [INFO]: 10
[2020-02-19 15:18:53] [INFO]: 100
[2020-02-19 15:18:53] [INFO]: sensor2
[2020-02-19 15:18:53] [INFO]: 10
[2020-02-19 15:19:03] [INFO]: 100
[2020-02-19 15:19:03] [INFO]: sensor2
[2020-02-19 15:19:03] [INFO]: 10
[2020-02-19 15:19:13] [INFO]: 100
[2020-02-19 15:19:13] [INFO]: sensor2
[2020-02-19 15:19:13] [INFO]: 10
[2020-02-19 15:19:23] [INFO]: 100
[2020-02-19 15:19:23] [INFO]: sensor2
[2020-02-19 15:19:23] [INFO]: 10
[2020-02-19 15:19:33] [INFO]: 100
[2020-02-19 15:19:33] [INFO]: sensor2
[2020-02-19 15:19:33] [INFO]: 10
[2020-02-19 15:19:43] [INFO]: 100
[2020-02-19 15:19:43] [INFO]: sensor2
[2020-02-19 15:19:43] [INFO]: 10
[2020-02-19 15:19:53] [INFO]: 100
[2020-02-19 15:19:53] [INFO]: sensor2
[2020-02-19 15:19:53] [INFO]: 10
[2020-02-19 15:20:03] [INFO]: 100
[2020-02-19 15:20:03] [INFO]: sensor2
[2020-02-19 15:20:03] [INFO]: 10
[2020-02-19 15:20:13] [INFO]: 100
[2020-02-19 15:20:13] [INFO]: sensor2
[2020-02-19 15:20:13] [INFO]: 10
[2020-02-19 15:20:23] [INFO]: 100
[2020-02-19 15:20:23] [INFO]: sensor2
[2020-02-19 15:20:23] [INFO]: 10
[2020-02-19 15:20:33] [INFO]: 100
[2020-02-19 15:20:33] [INFO]: sensor2
[2020-02-19 15:20:33] [INFO]: 10
[2020-02-19 15:20:42] [INFO]: 100
[2020-02-19 15:20:42] [INFO]: sensor2
[2020-02-19 15:20:42] [INFO]: 10
[2020-02-19 15:20:52] [INFO]: 100
[2020-02-19 15:20:52] [INFO]: sensor2
[2020-02-19 15:20:52] [INFO]: 10
[2020-02-19 15:21:02] [INFO]: 100
[2020-02-19 15:21:02] [INFO]: sensor2
[2020-02-19 15:21:02] [INFO]: 10
[2020-02-19 15:21:12] [INFO]: 100
[2020-02-19 15:21:12] [INFO]: sensor2
[2020-02-19 15:21:12] [INFO]: 10
[2020-02-19 15:21:22] [INFO]: 100
[2020-02-19 15:21:22] [INFO]: sensor2
[2020-02-19 15:21:22] [INFO]: 10
[2020-02-19 15:21:32] [INFO]: 100
[2020-02-19 15:21:32] [INFO]: sensor2
[2020-02-19 15:21:32] [INFO]: 10
[2020-02-19 15:21:42] [INFO]: 100
[2020-02-19 15:21:42] [INFO]: sensor2
[2020-02-19 15:21:42] [INFO]: 10
[2020-02-19 15:21:52] [INFO]: 100
[2020-02-19 15:21:52] [INFO]: sensor2
[2020-02-19 15:21:52] [INFO]: 10
[2020-02-19 15:22:02] [INFO]: 100
[2020-02-19 15:22:02] [INFO]: sensor2
[2020-02-19 15:22:02] [INFO]: 10
[2020-02-19 15:22:12] [INFO]: 100
[2020-02-19 15:22:12] [INFO]: sensor2
[2020-02-19 15:22:12] [INFO]: 10
[2020-02-19 15:22:22] [INFO]: 100
[2020-02-19 15:22:22] [INFO]: sensor2
[2020-02-19 15:22:22] [INFO]: 10
[2020-02-19 15:22:32] [INFO]: 100
[2020-02-19 15:22:32] [INFO]: sensor2
[2020-02-19 15:22:32] [INFO]: 10
[2020-02-19 15:22:42] [INFO]: 100
[2020-02-19 15:22:42] [INFO]: sensor2
[2020-02-19 15:22:42] [INFO]: 10
[2020-02-19 15:22:52] [INFO]: 100
[2020-02-19 15:22:52] [INFO]: sensor2
[2020-02-19 15:22:52] [INFO]: 10
[2020-02-19 15:23:02] [INFO]: 100
[2020-02-19 15:23:02] [INFO]: sensor2
[2020-02-19 15:23:02] [INFO]: 10
[2020-02-19 15:23:12] [INFO]: 100
[2020-02-19 15:23:12] [INFO]: sensor2
[2020-02-19 15:23:12] [INFO]: 10
[2020-02-19 15:23:22] [INFO]: 100
[2020-02-19 15:23:22] [INFO]: sensor2
[2020-02-19 15:23:22] [INFO]: 10
[2020-02-19 15:23:32] [INFO]: 100
[2020-02-19 15:23:32] [INFO]: sensor2
[2020-02-19 15:23:32] [INFO]: 10
[2020-02-19 15:23:42] [INFO]: 100
[2020-02-19 15:23:42] [INFO]: sensor2
[2020-02-19 15:23:42] [INFO]: 10
[2020-02-19 15:23:52] [INFO]: 100
[2020-02-19 15:23:52] [INFO]: sensor2
[2020-02-19 15:23:52] [INFO]: 10
[2020-02-19 15:24:02] [INFO]: 100
[2020-02-19 15:24:02] [INFO]: sensor2
[2020-02-19 15:24:02] [INFO]: 10
[2020-02-19 15:24:12] [INFO]: 100
[2020-02-19 15:24:12] [INFO]: sensor2
[2020-02-19 15:24:12] [INFO]: 10
[2020-02-19 15:24:22] [INFO]: 100
[2020-02-19 15:24:22] [INFO]: sensor2
[2020-02-19 15:24:22] [INFO]: 10
[2020-02-19 15:24:32] [INFO]: 100
[2020-02-19 15:24:32] [INFO]: sensor2
[2020-02-19 15:24:32] [INFO]: 10
[2020-02-19 15:24:42] [INFO]: 100
[2020-02-19 15:24:42] [INFO]: sensor2
[2020-02-19 15:24:42] [INFO]: 10
[2020-02-19 15:24:52] [INFO]: 100
[2020-02-19 15:24:52] [INFO]: sensor2
[2020-02-19 15:24:52] [INFO]: 10
[2020-02-19 15:25:02] [INFO]: 100
[2020-02-19 15:25:02] [INFO]: sensor2
[2020-02-19 15:25:02] [INFO]: 10
[2020-02-19 15:25:13] [INFO]: 100
[2020-02-19 15:25:13] [INFO]: sensor2
[2020-02-19 15:25:13] [INFO]: 10
[2020-02-19 15:25:23] [INFO]: 100
[2020-02-19 15:25:23] [INFO]: sensor2
[2020-02-19 15:25:23] [INFO]: 10
[2020-02-19 15:25:33] [INFO]: 100
[2020-02-19 15:25:33] [INFO]: sensor2
[2020-02-19 15:25:33] [INFO]: 10
[2020-02-19 15:25:43] [INFO]: 100
[2020-02-19 15:25:43] [INFO]: sensor2
[2020-02-19 15:25:43] [INFO]: 10
[2020-02-19 15:25:53] [INFO]: 100
[2020-02-19 15:25:53] [INFO]: sensor2
[2020-02-19 15:25:53] [INFO]: 10
[2020-02-19 15:26:03] [INFO]: 100
[2020-02-19 15:26:03] [INFO]: sensor2
[2020-02-19 15:26:03] [INFO]: 10
[2020-02-19 15:26:13] [INFO]: 100
[2020-02-19 15:26:13] [INFO]: sensor2
[2020-02-19 15:26:13] [INFO]: 10
[2020-02-19 15:26:23] [INFO]: 100
[2020-02-19 15:26:23] [INFO]: sensor2
[2020-02-19 15:26:23] [INFO]: 10
[2020-02-19 15:26:33] [INFO]: 100
[2020-02-19 15:26:33] [INFO]: sensor2
[2020-02-19 15:26:33] [INFO]: 10
[2020-02-19 15:26:43] [INFO]: 100
[2020-02-19 15:26:43] [INFO]: sensor2
[2020-02-19 15:26:43] [INFO]: 10
[2020-02-19 15:26:53] [INFO]: 100
[2020-02-19 15:26:53] [INFO]: sensor2
[2020-02-19 15:26:53] [INFO]: 10
[2020-02-19 15:27:03] [INFO]: 100
[2020-02-19 15:27:03] [INFO]: sensor2
[2020-02-19 15:27:03] [INFO]: 10
[2020-02-19 15:27:13] [INFO]: 100
[2020-02-19 15:27:13] [INFO]: sensor2
[2020-02-19 15:27:13] [INFO]: 10
[2020-02-19 15:27:23] [INFO]: 100
[2020-02-19 15:27:23] [INFO]: sensor2
[2020-02-19 15:27:23] [INFO]: 10
[2020-02-19 15:27:33] [INFO]: 100
[2020-02-19 15:27:33] [INFO]: sensor2
[2020-02-19 15:27:33] [INFO]: 10
[2020-02-19 15:27:43] [INFO]: 100
[2020-02-19 15:27:43] [INFO]: sensor2
[2020-02-19 15:27:43] [INFO]: 10
[2020-02-19 15:27:53] [INFO]: 100
[2020-02-19 15:27:53] [INFO]: sensor2
[2020-02-19 15:27:53] [INFO]: 10
[2020-02-19 15:28:03] [INFO]: 100
[2020-02-19 15:28:03] [INFO]: sensor2
[2020-02-19 15:28:03] [INFO]: 10
[2020-02-19 15:28:13] [INFO]: 100
[2020-02-19 15:28:13] [INFO]: sensor2
[2020-02-19 15:28:13] [INFO]: 10
[2020-02-19 15:28:24] [INFO]: 100
[2020-02-19 15:28:24] [INFO]: sensor2
[2020-02-19 15:28:24] [INFO]: 10
[2020-02-19 15:28:34] [INFO]: 100
[2020-02-19 15:28:34] [INFO]: sensor2
[2020-02-19 15:28:34] [INFO]: 10
[2020-02-19 15:28:44] [INFO]: 100
[2020-02-19 15:28:44] [INFO]: sensor2
[2020-02-19 15:28:44] [INFO]: 10
[2020-02-19 15:28:54] [INFO]: 100
[2020-02-19 15:28:54] [INFO]: sensor2
[2020-02-19 15:28:54] [INFO]: 10
[2020-02-19 15:29:04] [INFO]: 100
[2020-02-19 15:29:04] [INFO]: sensor2
[2020-02-19 15:29:04] [INFO]: 10
[2020-02-19 15:29:14] [INFO]: 100
[2020-02-19 15:29:14] [INFO]: sensor2
[2020-02-19 15:29:14] [INFO]: 10
[2020-02-19 15:29:24] [INFO]: 100
[2020-02-19 15:29:24] [INFO]: sensor2
[2020-02-19 15:29:24] [INFO]: 10
[2020-02-19 15:29:34] [INFO]: 100
[2020-02-19 15:29:34] [INFO]: sensor2
[2020-02-19 15:29:34] [INFO]: 10
[2020-02-19 15:29:44] [INFO]: 100
[2020-02-19 15:29:44] [INFO]: sensor2
[2020-02-19 15:29:44] [INFO]: 10
[2020-02-19 15:29:54] [INFO]: 100
[2020-02-19 15:29:54] [INFO]: sensor2
[2020-02-19 15:29:54] [INFO]: 10
[2020-02-19 15:30:04] [INFO]: 100
[2020-02-19 15:30:04] [INFO]: sensor2
[2020-02-19 15:30:04] [INFO]: 10
[2020-02-19 15:30:14] [INFO]: 100
[2020-02-19 15:30:14] [INFO]: sensor2
[2020-02-19 15:30:14] [INFO]: 10
[2020-02-19 15:30:24] [INFO]: 100
[2020-02-19 15:30:24] [INFO]: sensor2
[2020-02-19 15:30:24] [INFO]: 10
[2020-02-19 15:30:34] [INFO]: 100
[2020-02-19 15:30:34] [INFO]: sensor2
[2020-02-19 15:30:34] [INFO]: 10
[2020-02-19 15:30:44] [INFO]: 100
[2020-02-19 15:30:44] [INFO]: sensor2
[2020-02-19 15:30:44] [INFO]: 10
[2020-02-19 15:30:54] [INFO]: 100
[2020-02-19 15:30:54] [INFO]: sensor2
[2020-02-19 15:30:54] [INFO]: 10
[2020-02-19 15:31:04] [INFO]: 100
[2020-02-19 15:31:04] [INFO]: sensor2
[2020-02-19 15:31:04] [INFO]: 10
[2020-02-19 15:31:14] [INFO]: 100
[2020-02-19 15:31:14] [INFO]: sensor2
[2020-02-19 15:31:14] [INFO]: 10
[2020-02-19 15:31:24] [INFO]: 100
[2020-02-19 15:31:24] [INFO]: sensor2
[2020-02-19 15:31:24] [INFO]: 10
[2020-02-19 15:31:34] [INFO]: 100
[2020-02-19 15:31:34] [INFO]: sensor2
[2020-02-19 15:31:34] [INFO]: 10
[2020-02-19 15:31:44] [INFO]: 100
[2020-02-19 15:31:44] [INFO]: sensor2
[2020-02-19 15:31:44] [INFO]: 10
[2020-02-19 15:31:54] [INFO]: 100
[2020-02-19 15:31:54] [INFO]: sensor2
[2020-02-19 15:31:54] [INFO]: 10
[2020-02-19 15:32:04] [INFO]: 100
[2020-02-19 15:32:04] [INFO]: sensor2
[2020-02-19 15:32:04] [INFO]: 10
[2020-02-19 15:32:14] [INFO]: 100
[2020-02-19 15:32:14] [INFO]: sensor2
[2020-02-19 15:32:14] [INFO]: 10
[2020-02-19 15:32:24] [INFO]: 100
[2020-02-19 15:32:24] [INFO]: sensor2
[2020-02-19 15:32:24] [INFO]: 10
[2020-02-19 15:32:34] [INFO]: 100
[2020-02-19 15:32:34] [INFO]: sensor2
[2020-02-19 15:32:34] [INFO]: 10
[2020-02-19 15:32:44] [INFO]: 100
[2020-02-19 15:32:44] [INFO]: sensor2
[2020-02-19 15:32:44] [INFO]: 10
[2020-02-19 15:32:54] [INFO]: 100
[2020-02-19 15:32:54] [INFO]: sensor2
[2020-02-19 15:32:54] [INFO]: 10
[2020-02-19 15:33:04] [INFO]: 100
[2020-02-19 15:33:04] [INFO]: sensor2
[2020-02-19 15:33:04] [INFO]: 10
[2020-02-19 15:33:14] [INFO]: 100
[2020-02-19 15:33:14] [INFO]: sensor2
[2020-02-19 15:33:14] [INFO]: 10
[2020-02-19 15:33:24] [INFO]: 100
[2020-02-19 15:33:24] [INFO]: sensor2
[2020-02-19 15:33:24] [INFO]: 10
[2020-02-19 15:33:34] [INFO]: 100
[2020-02-19 15:33:34] [INFO]: sensor2
[2020-02-19 15:33:34] [INFO]: 10
[2020-02-19 15:33:44] [INFO]: 100
[2020-02-19 15:33:44] [INFO]: sensor2
[2020-02-19 15:33:44] [INFO]: 10
[2020-02-19 15:33:54] [INFO]: 100
[2020-02-19 15:33:54] [INFO]: sensor2
[2020-02-19 15:33:54] [INFO]: 10
[2020-02-19 15:34:04] [INFO]: 100
[2020-02-19 15:34:04] [INFO]: sensor2
[2020-02-19 15:34:04] [INFO]: 10
[2020-02-19 15:34:14] [INFO]: 100
[2020-02-19 15:34:14] [INFO]: sensor2
[2020-02-19 15:34:14] [INFO]: 10
[2020-02-19 15:34:24] [INFO]: 100
[2020-02-19 15:34:24] [INFO]: sensor2
[2020-02-19 15:34:24] [INFO]: 10
[2020-02-19 15:34:34] [INFO]: 100
[2020-02-19 15:34:34] [INFO]: sensor2
[2020-02-19 15:34:34] [INFO]: 10
[2020-02-19 15:34:44] [INFO]: 100
[2020-02-19 15:34:44] [INFO]: sensor2
[2020-02-19 15:34:44] [INFO]: 10
[2020-02-19 15:34:54] [INFO]: 100
[2020-02-19 15:34:54] [INFO]: sensor2
[2020-02-19 15:34:54] [INFO]: 10
[2020-02-19 15:35:04] [INFO]: 100
[2020-02-19 15:35:04] [INFO]: sensor2
[2020-02-19 15:35:04] [INFO]: 10
[2020-02-19 15:35:14] [INFO]: 100
[2020-02-19 15:35:14] [INFO]: sensor2
[2020-02-19 15:35:14] [INFO]: 10
[2020-02-19 15:35:24] [INFO]: 100
[2020-02-19 15:35:24] [INFO]: sensor2
[2020-02-19 15:35:24] [INFO]: 10
[2020-02-19 15:35:34] [INFO]: 100
[2020-02-19 15:35:34] [INFO]: sensor2
[2020-02-19 15:35:34] [INFO]: 10
[2020-02-19 15:35:44] [INFO]: 100
[2020-02-19 15:35:44] [INFO]: sensor2
[2020-02-19 15:35:44] [INFO]: 10
[2020-02-19 15:35:54] [INFO]: 100
[2020-02-19 15:35:54] [INFO]: sensor2
[2020-02-19 15:35:54] [INFO]: 10
[2020-02-19 15:36:05] [INFO]: 100
[2020-02-19 15:36:05] [INFO]: sensor2
[2020-02-19 15:36:05] [INFO]: 10
[2020-02-19 15:36:15] [INFO]: 100
[2020-02-19 15:36:15] [INFO]: sensor2
[2020-02-19 15:36:15] [INFO]: 10
[2020-02-19 15:36:25] [INFO]: 100
[2020-02-19 15:36:25] [INFO]: sensor2
[2020-02-19 15:36:25] [INFO]: 10
[2020-02-19 15:36:35] [INFO]: 100
[2020-02-19 15:36:35] [INFO]: sensor2
[2020-02-19 15:36:35] [INFO]: 10
[2020-02-19 15:36:45] [INFO]: 100
[2020-02-19 15:36:45] [INFO]: sensor2
[2020-02-19 15:36:45] [INFO]: 10
[2020-02-19 15:36:55] [INFO]: 100
[2020-02-19 15:36:55] [INFO]: sensor2
[2020-02-19 15:36:55] [INFO]: 10
[2020-02-19 15:37:05] [INFO]: 100
[2020-02-19 15:37:05] [INFO]: sensor2
[2020-02-19 15:37:05] [INFO]: 10
[2020-02-19 15:37:15] [INFO]: 100
[2020-02-19 15:37:15] [INFO]: sensor2
[2020-02-19 15:37:15] [INFO]: 10
[2020-02-19 15:37:25] [INFO]: 100
[2020-02-19 15:37:25] [INFO]: sensor2
[2020-02-19 15:37:25] [INFO]: 10
[2020-02-19 15:37:35] [INFO]: 100
[2020-02-19 15:37:35] [INFO]: sensor2
[2020-02-19 15:37:35] [INFO]: 10
[2020-02-19 15:37:45] [INFO]: 100
[2020-02-19 15:37:45] [INFO]: sensor2
[2020-02-19 15:37:45] [INFO]: 10
[2020-02-19 15:37:55] [INFO]: 100
[2020-02-19 15:37:55] [INFO]: sensor2
[2020-02-19 15:37:55] [INFO]: 10
[2020-02-19 15:38:05] [INFO]: 100
[2020-02-19 15:38:05] [INFO]: sensor2
[2020-02-19 15:38:05] [INFO]: 10
[2020-02-19 15:38:15] [INFO]: 100
[2020-02-19 15:38:15] [INFO]: sensor2
[2020-02-19 15:38:15] [INFO]: 10
[2020-02-19 15:38:25] [INFO]: 100
[2020-02-19 15:38:25] [INFO]: sensor2
[2020-02-19 15:38:25] [INFO]: 10
[2020-02-19 15:38:35] [INFO]: 100
[2020-02-19 15:38:35] [INFO]: sensor2
[2020-02-19 15:38:35] [INFO]: 10
[2020-02-19 15:38:46] [INFO]: 100
[2020-02-19 15:38:46] [INFO]: sensor2
[2020-02-19 15:38:46] [INFO]: 10
[2020-02-19 15:38:56] [INFO]: 100
[2020-02-19 15:38:56] [INFO]: sensor2
[2020-02-19 15:38:56] [INFO]: 10
[2020-02-19 15:39:06] [INFO]: 100
[2020-02-19 15:39:06] [INFO]: sensor2
[2020-02-19 15:39:06] [INFO]: 10
[2020-02-19 15:39:16] [INFO]: 100
[2020-02-19 15:39:16] [INFO]: sensor2
[2020-02-19 15:39:16] [INFO]: 10
[2020-02-19 15:39:26] [INFO]: 100
[2020-02-19 15:39:26] [INFO]: sensor2
[2020-02-19 15:39:26] [INFO]: 10
[2020-02-19 15:39:36] [INFO]: 100
[2020-02-19 15:39:36] [INFO]: sensor2
[2020-02-19 15:39:36] [INFO]: 10
[2020-02-19 15:39:46] [INFO]: 100
[2020-02-19 15:39:46] [INFO]: sensor2
[2020-02-19 15:39:46] [INFO]: 10
[2020-02-19 15:39:56] [INFO]: 100
[2020-02-19 15:39:56] [INFO]: sensor2
[2020-02-19 15:39:56] [INFO]: 10
[2020-02-19 15:40:06] [INFO]: 100
[2020-02-19 15:40:06] [INFO]: sensor2
[2020-02-19 15:40:06] [INFO]: 10
[2020-02-19 15:40:16] [INFO]: 100
[2020-02-19 15:40:16] [INFO]: sensor2
[2020-02-19 15:40:16] [INFO]: 10
[2020-02-19 15:40:26] [INFO]: 100
[2020-02-19 15:40:26] [INFO]: sensor2
[2020-02-19 15:40:26] [INFO]: 10
[2020-02-19 15:40:36] [INFO]: 100
[2020-02-19 15:40:36] [INFO]: sensor2
[2020-02-19 15:40:36] [INFO]: 10
[2020-02-19 15:40:46] [INFO]: 100
[2020-02-19 15:40:46] [INFO]: sensor2
[2020-02-19 15:40:46] [INFO]: 10
[2020-02-19 15:40:56] [INFO]: 100
[2020-02-19 15:40:56] [INFO]: sensor2
[2020-02-19 15:40:56] [INFO]: 10
[2020-02-19 15:41:06] [INFO]: 100
[2020-02-19 15:41:06] [INFO]: sensor2
[2020-02-19 15:41:06] [INFO]: 10
[2020-02-19 15:41:16] [INFO]: 100
[2020-02-19 15:41:16] [INFO]: sensor2
[2020-02-19 15:41:16] [INFO]: 10
[2020-02-19 17:24:51] [INFO]: 100
[2020-02-19 17:24:51] [INFO]: sensor2
[2020-02-19 17:24:51] [INFO]: 10
[2020-02-19 17:25:01] [INFO]: 100
[2020-02-19 17:25:01] [INFO]: sensor2
[2020-02-19 17:25:01] [INFO]: 10
[2020-02-19 17:25:11] [INFO]: 100
[2020-02-19 17:25:11] [INFO]: sensor2
[2020-02-19 17:25:11] [INFO]: 10
[2020-02-19 17:25:22] [INFO]: 100
[2020-02-19 17:25:22] [INFO]: sensor2
[2020-02-19 17:25:22] [INFO]: 10
[2020-02-19 17:25:32] [INFO]: 100
[2020-02-19 17:25:32] [INFO]: sensor2
[2020-02-19 17:25:32] [INFO]: 10
[2020-02-19 17:25:42] [INFO]: 100
[2020-02-19 17:25:42] [INFO]: sensor2
[2020-02-19 17:25:42] [INFO]: 10
[2020-02-19 17:25:52] [INFO]: 100
[2020-02-19 17:25:52] [INFO]: sensor2
[2020-02-19 17:25:52] [INFO]: 10
[2020-02-19 17:25:58] [INFO]: 100
[2020-02-19 17:25:58] [INFO]: sensor2
[2020-02-19 17:25:58] [INFO]: 10
[2020-02-19 17:26:08] [INFO]: 100
[2020-02-19 17:26:08] [INFO]: sensor2
[2020-02-19 17:26:08] [INFO]: 10
[2020-02-19 17:26:18] [INFO]: 100
[2020-02-19 17:26:18] [INFO]: sensor2
[2020-02-19 17:26:18] [INFO]: 10
[2020-02-19 17:26:28] [INFO]: 100
[2020-02-19 17:26:28] [INFO]: sensor2
[2020-02-19 17:26:28] [INFO]: 10
[2020-02-19 17:26:38] [INFO]: 100
[2020-02-19 17:26:38] [INFO]: sensor2
[2020-02-19 17:26:38] [INFO]: 10
[2020-02-19 17:26:48] [INFO]: 100
[2020-02-19 17:26:48] [INFO]: sensor2
[2020-02-19 17:26:48] [INFO]: 10
[2020-02-19 17:26:58] [INFO]: 100
[2020-02-19 17:26:58] [INFO]: sensor2
[2020-02-19 17:26:58] [INFO]: 10
[2020-02-19 17:27:08] [INFO]: 100
[2020-02-19 17:27:08] [INFO]: sensor2
[2020-02-19 17:27:08] [INFO]: 10
[2020-02-19 17:27:18] [INFO]: 100
[2020-02-19 17:27:18] [INFO]: sensor2
[2020-02-19 17:27:18] [INFO]: 10
[2020-02-19 17:27:28] [INFO]: 100
[2020-02-19 17:27:28] [INFO]: sensor2
[2020-02-19 17:27:28] [INFO]: 10
[2020-02-19 17:27:38] [INFO]: 100
[2020-02-19 17:27:38] [INFO]: sensor2
[2020-02-19 17:27:38] [INFO]: 10
[2020-02-19 17:27:48] [INFO]: 
[2020-02-19 17:27:48] [INFO]: 
[2020-02-19 17:27:58] [INFO]: 
[2020-02-19 17:27:58] [INFO]: 
[2020-02-19 17:28:08] [INFO]: 
[2020-02-19 17:28:08] [INFO]: 
[2020-02-19 17:28:18] [INFO]: 
[2020-02-19 17:28:18] [INFO]: 
[2020-02-19 17:28:29] [INFO]: 
[2020-02-19 17:28:29] [INFO]: 
[2020-02-19 17:28:39] [INFO]: 
[2020-02-19 17:28:39] [INFO]: 
[2020-02-19 17:28:49] [INFO]: 
[2020-02-19 17:28:49] [INFO]: 
[2020-02-19 17:28:59] [INFO]: 
[2020-02-19 17:28:59] [INFO]: 
[2020-02-19 17:29:09] [INFO]: 
[2020-02-19 17:29:09] [INFO]: 
[2020-02-19 17:29:40] [INFO]: 
[2020-02-19 17:29:40] [INFO]: 
[2020-02-19 17:29:50] [INFO]: 
[2020-02-19 17:29:50] [INFO]: 
[2020-02-19 17:30:00] [INFO]: 
[2020-02-19 17:30:00] [INFO]: 
[2020-02-19 17:30:10] [INFO]: 
[2020-02-19 17:30:10] [INFO]: 
[2020-02-19 17:30:20] [INFO]: 
[2020-02-19 17:30:20] [INFO]: 
[2020-02-19 17:30:30] [INFO]: 
[2020-02-19 17:30:30] [INFO]: 
[2020-02-19 17:30:40] [INFO]: 
[2020-02-19 17:30:40] [INFO]: 
[2020-02-19 17:30:50] [INFO]: 
[2020-02-19 17:30:50] [INFO]: 
[2020-02-19 17:31:01] [INFO]: 
[2020-02-19 17:31:01] [INFO]: 
[2020-02-19 17:31:11] [INFO]: 
[2020-02-19 17:31:11] [INFO]: 
[2020-02-19 17:31:21] [INFO]: 
[2020-02-19 17:31:21] [INFO]: 
[2020-02-19 17:31:31] [INFO]: 
[2020-02-19 17:31:31] [INFO]: 
[2020-02-19 17:31:41] [INFO]: 
[2020-02-19 17:31:41] [INFO]: 
[2020-02-19 17:31:51] [INFO]: 
[2020-02-19 17:31:51] [INFO]: 
[2020-02-19 17:32:01] [INFO]: 
[2020-02-19 17:32:01] [INFO]: 
[2020-02-19 17:32:11] [INFO]: 
[2020-02-19 17:32:11] [INFO]: 
[2020-02-19 17:32:21] [INFO]: 
[2020-02-19 17:32:21] [INFO]: 
[2020-02-19 17:32:31] [INFO]: 
[2020-02-19 17:32:31] [INFO]: 
[2020-02-19 17:32:41] [INFO]: 
[2020-02-19 17:32:41] [INFO]: 
[2020-02-19 17:32:51] [INFO]: 
[2020-02-19 17:32:51] [INFO]: 
[2020-02-19 17:33:01] [INFO]: 
[2020-02-19 17:33:01] [INFO]: 
[2020-02-19 17:33:11] [INFO]: 
[2020-02-19 17:33:11] [INFO]: 
[2020-02-19 17:33:22] [INFO]: 
[2020-02-19 17:33:22] [INFO]: 
[2020-02-19 17:33:32] [INFO]: 100
[2020-02-19 17:33:32] [INFO]: sensor2
[2020-02-19 17:33:42] [INFO]: 100
[2020-02-19 17:33:42] [INFO]: sensor2
[2020-02-19 17:33:52] [INFO]: 100
[2020-02-19 17:33:52] [INFO]: sensor2
[2020-02-19 17:34:02] [INFO]: 100
[2020-02-19 17:34:02] [INFO]: sensor2
[2020-02-19 17:34:12] [INFO]: 100
[2020-02-19 17:34:12] [INFO]: sensor2
[2020-02-19 17:34:22] [INFO]: 100
[2020-02-19 17:34:22] [INFO]: sensor2
[2020-02-19 17:34:52] [INFO]: 100
[2020-02-19 17:34:52] [INFO]: sensor2
[2020-02-19 17:35:02] [INFO]: 100
[2020-02-19 17:35:02] [INFO]: sensor2
[2020-02-19 17:35:12] [INFO]: 100
[2020-02-19 17:35:12] [INFO]: sensor2
[2020-02-19 17:35:22] [INFO]: 100
[2020-02-19 17:35:22] [INFO]: sensor2
[2020-02-19 17:35:32] [INFO]: 100
[2020-02-19 17:35:32] [INFO]: sensor2
[2020-02-19 17:35:42] [INFO]: 100
[2020-02-19 17:35:42] [INFO]: sensor2
[2020-02-19 17:35:52] [INFO]: 100
[2020-02-19 17:35:52] [INFO]: sensor2
[2020-02-19 17:36:02] [INFO]: 100
[2020-02-19 17:36:02] [INFO]: sensor2
[2020-02-19 17:36:12] [INFO]: 100
[2020-02-19 17:36:12] [INFO]: sensor2
[2020-02-19 17:36:22] [INFO]: 100
[2020-02-19 17:36:22] [INFO]: sensor2
[2020-02-19 17:36:32] [INFO]: 100
[2020-02-19 17:36:32] [INFO]: sensor2
[2020-02-19 17:36:42] [INFO]: 100
[2020-02-19 17:36:42] [INFO]: sensor2
[2020-02-19 17:36:52] [INFO]: 100
[2020-02-19 17:36:52] [INFO]: sensor2
[2020-02-19 17:37:02] [INFO]: 100
[2020-02-19 17:37:02] [INFO]: sensor2
[2020-02-19 17:37:12] [INFO]: 100
[2020-02-19 17:37:12] [INFO]: sensor2
[2020-02-19 17:37:22] [INFO]: 100
[2020-02-19 17:37:22] [INFO]: sensor2
[2020-02-19 17:37:32] [INFO]: 100
[2020-02-19 17:37:32] [INFO]: sensor2
[2020-02-19 17:37:42] [INFO]: 100
[2020-02-19 17:37:42] [INFO]: sensor2
[2020-02-19 17:37:53] [INFO]: 100
[2020-02-19 17:37:53] [INFO]: sensor2
[2020-02-19 17:38:03] [INFO]: 100
[2020-02-19 17:38:03] [INFO]: sensor2
[2020-02-19 17:38:13] [INFO]: 100
[2020-02-19 17:38:13] [INFO]: sensor2
[2020-02-19 17:38:23] [INFO]: 100
[2020-02-19 17:38:23] [INFO]: sensor2
[2020-02-19 17:38:33] [INFO]: 100
[2020-02-19 17:38:33] [INFO]: sensor2
[2020-02-19 17:38:46] [INFO]: 100
[2020-02-19 17:38:46] [INFO]: sensor2
[2020-02-19 17:38:56] [INFO]: 100
[2020-02-19 17:38:56] [INFO]: sensor2
[2020-02-19 17:39:06] [INFO]: 100
[2020-02-19 17:39:06] [INFO]: sensor2
[2020-02-19 17:39:19] [INFO]: 100
[2020-02-19 17:39:19] [INFO]: sensor2
[2020-02-19 17:39:32] [INFO]: 100
[2020-02-19 17:39:32] [INFO]: sensor2
[2020-02-19 17:39:42] [INFO]: 100
[2020-02-19 17:39:42] [INFO]: sensor2
[2020-02-19 17:39:52] [INFO]: 100
[2020-02-19 17:39:52] [INFO]: sensor2
[2020-02-19 17:40:02] [INFO]: 100
[2020-02-19 17:40:02] [INFO]: sensor2
[2020-02-19 17:40:12] [INFO]: 100
[2020-02-19 17:40:12] [INFO]: sensor2
[2020-02-19 17:40:24] [INFO]: 100
[2020-02-19 17:40:24] [INFO]: sensor2
[2020-02-19 17:40:34] [INFO]: 100
[2020-02-19 17:40:34] [INFO]: sensor2
[2020-02-19 17:40:44] [INFO]: 100
[2020-02-19 17:40:44] [INFO]: sensor2
[2020-02-19 17:40:54] [INFO]: 100
[2020-02-19 17:40:54] [INFO]: sensor2
[2020-02-19 17:46:55] [INFO]: 100
[2020-02-19 17:46:55] [INFO]: sensor2
[2020-02-19 17:47:05] [INFO]: 100
[2020-02-19 17:47:05] [INFO]: sensor2
[2020-02-19 17:47:15] [INFO]: 100
[2020-02-19 17:47:15] [INFO]: sensor2
[2020-02-19 17:47:25] [INFO]: 100
[2020-02-19 17:47:25] [INFO]: sensor2
[2020-02-19 17:47:35] [INFO]: 100
[2020-02-19 17:47:35] [INFO]: sensor2
[2020-02-19 17:47:45] [INFO]: 100
[2020-02-19 17:47:45] [INFO]: sensor2
[2020-02-19 17:47:55] [INFO]: 100
[2020-02-19 17:47:55] [INFO]: sensor2
[2020-02-19 17:48:05] [INFO]: 100
[2020-02-19 17:48:05] [INFO]: sensor2
[2020-02-19 17:48:15] [INFO]: 100
[2020-02-19 17:48:15] [INFO]: sensor2
[2020-02-19 17:48:25] [INFO]: 100
[2020-02-19 17:48:25] [INFO]: sensor2
[2020-02-19 17:48:35] [INFO]: 100
[2020-02-19 17:48:35] [INFO]: sensor2
[2020-02-19 17:48:45] [INFO]: 100
[2020-02-19 17:48:45] [INFO]: sensor2
[2020-02-19 17:48:58] [INFO]: 100
[2020-02-19 17:48:58] [INFO]: sensor2
[2020-02-19 17:49:08] [INFO]: 100
[2020-02-19 17:49:08] [INFO]: sensor2
[2020-02-19 17:49:18] [INFO]: 100
[2020-02-19 17:49:18] [INFO]: sensor2
[2020-02-19 17:49:28] [INFO]: 100
[2020-02-19 17:49:28] [INFO]: sensor2
[2020-02-19 17:49:38] [INFO]: 100
[2020-02-19 17:49:38] [INFO]: sensor2
[2020-02-19 17:49:49] [INFO]: 100
[2020-02-19 17:49:49] [INFO]: sensor2
[2020-02-19 17:49:59] [INFO]: 100
[2020-02-19 17:49:59] [INFO]: sensor2
[2020-02-19 17:50:09] [INFO]: 100
[2020-02-19 17:50:09] [INFO]: sensor2
[2020-02-19 17:50:33] [INFO]: 100
[2020-02-19 17:50:33] [INFO]: sensor2
[2020-02-19 17:50:43] [INFO]: 100
[2020-02-19 17:50:43] [INFO]: sensor2
[2020-02-19 17:50:53] [INFO]: 100
[2020-02-19 17:50:53] [INFO]: sensor2
[2020-02-19 17:51:04] [INFO]: 100
[2020-02-19 17:51:04] [INFO]: sensor2
[2020-02-19 17:51:14] [INFO]: 100
[2020-02-19 17:51:14] [INFO]: sensor2
[2020-02-19 17:51:24] [INFO]: 100
[2020-02-19 17:51:24] [INFO]: sensor2
[2020-02-19 17:51:34] [INFO]: 100
[2020-02-19 17:51:34] [INFO]: sensor2
[2020-02-19 17:51:44] [INFO]: 100
[2020-02-19 17:51:44] [INFO]: sensor2
[2020-02-19 17:51:54] [INFO]: 100
[2020-02-19 17:51:54] [INFO]: sensor2
[2020-02-19 17:52:04] [INFO]: 100
[2020-02-19 17:52:04] [INFO]: sensor2
[2020-02-19 17:52:14] [INFO]: 100
[2020-02-19 17:52:14] [INFO]: sensor2
[2020-02-19 17:52:24] [INFO]: 100
[2020-02-19 17:52:24] [INFO]: sensor2
[2020-02-19 17:52:34] [INFO]: 100
[2020-02-19 17:52:34] [INFO]: sensor2
[2020-02-19 17:52:44] [INFO]: 100
[2020-02-19 17:52:44] [INFO]: sensor2
[2020-02-19 17:52:54] [INFO]: 100
[2020-02-19 17:52:54] [INFO]: sensor2
[2020-02-19 17:53:05] [INFO]: 100
[2020-02-19 17:53:05] [INFO]: sensor2
[2020-02-19 17:53:15] [INFO]: 100
[2020-02-19 17:53:15] [INFO]: sensor2
